{"type":"server-started","port":49845,"host":"127.0.0.1","url_host":"localhost","url":"http://localhost:49845","screen_dir":"/Users/williamsung/Projects/african-coffee-collective/.superpowers/brainstorm/2405-1775827272/content","state_dir":"/Users/williamsung/Projects/african-coffee-collective/.superpowers/brainstorm/2405-1775827272/state"}
{"type":"screen-added","file":"/Users/williamsung/Projects/african-coffee-collective/.superpowers/brainstorm/2405-1775827272/content/01-business-name.html"}
{"source":"user-event","type":"click","text":"A\n    \n      I already have a name\n      Tell me in the terminal what it is and we'll roll with it.","choice":"a","id":null,"timestamp":1775827387123}
{"type":"screen-added","file":"/Users/williamsung/Projects/african-coffee-collective/.superpowers/brainstorm/2405-1775827272/content/02-target-audience.html"}
{"source":"user-event","type":"click","text":"A\n    \n      Small independent Turkish coffee shops\n      Local cafes, family-owned shops — they buy in smaller quantities and care about unique origins and story.","choice":"a","id":null,"timestamp":1775827421155}
{"type":"screen-added","file":"/Users/williamsung/Projects/african-coffee-collective/.superpowers/brainstorm/2405-1775827272/content/03-visual-style.html"}
{"source":"user-event","type":"click","text":"LUXE\n        DARK & PREMIUM\n      \n    \n    \n      Dark & Premium\n      Rich dark backgrounds, gold/copper accents, elegant serif fonts. Feels high-end and exclusive. Think luxury coffee branding.","choice":"a","id":null,"timestamp":1775827537885}
{"type":"screen-added","file":"/Users/williamsung/Projects/african-coffee-collective/.superpowers/brainstorm/2405-1775827272/content/04-website-features.html"}
{"source":"user-event","type":"click","text":"1\n    \n      Coffee catalog with filtering\n      Browse by country, region, roast level, flavor profile, price. Each coffee gets a detailed page with origin story, tasting notes, supplier info.","choice":"catalog","id":null,"timestamp":1775827589051}
{"source":"user-event","type":"click","text":"1\n    \n      Coffee catalog with filtering\n      Browse by country, region, roast level, flavor profile, price. Each coffee gets a detailed page with origin story, tasting notes, supplier info.","choice":"catalog","id":null,"timestamp":1775827703365}
{"source":"user-event","type":"click","text":"2\n    \n      Inquiry / quote request form\n      Customers can request quotes for specific coffees and quantities. No direct checkout — you handle pricing and orders personally.","choice":"inquiry","id":null,"timestamp":1775827703948}
{"source":"user-event","type":"click","text":"5\n    \n      Blog / education section\n      Articles about African coffee origins, Turkish brewing methods, coffee culture. SEO-friendly content marketing.","choice":"blog","id":null,"timestamp":1775827705864}
{"source":"user-event","type":"click","text":"6\n    \n      Sample request\n      Let coffee shop owners request small samples before committing to a full order. Low-friction way to start a relationship.","choice":"samples","id":null,"timestamp":1775827706847}
{"type":"screen-added","file":"/Users/williamsung/Projects/african-coffee-collective/.superpowers/brainstorm/2405-1775827272/content/04-website-features-v2.html"}
{"type":"screen-added","file":"/Users/williamsung/Projects/african-coffee-collective/.superpowers/brainstorm/2405-1775827272/content/05-five-pages.html"}
{"type":"screen-added","file":"/Users/williamsung/Projects/african-coffee-collective/.superpowers/brainstorm/2405-1775827272/content/06-animations.html"}
{"source":"user-event","type":"click","text":"C\n    \n      Full Showstopper\n      3D elements, particle effects, cursor-following animations, scroll-jacking sections, cinematic page loads, WebGL coffee cup renders. Maximum \"wow factor\" — portfolio-grade showcase.","choice":"c","id":null,"timestamp":1775827837092}
{"type":"screen-added","file":"/Users/williamsung/Projects/african-coffee-collective/.superpowers/brainstorm/2405-1775827272/content/07-approaches.html"}
{"source":"user-event","type":"click","text":"A\n    \n      Pure HTML/CSS/JS + Three.js + GSAP\n      Recommended. Single static site — no framework overhead. Three.js for 3D coffee elements, GSAP + ScrollTrigger for cinematic scroll animations, particle effects via canvas. Deploys instantly to Netlify as static files. Maximum creative control, fastest load times, zero build step complexity.\n      \n        Pros: Full animation control, instant Netlify deploy, no dependencies to break, lightweight\n        Cons: No component reuse (fine for 5 pages), manual routing","choice":"a","id":null,"timestamp":1775827895806}
{"type":"screen-added","file":"/Users/williamsung/Projects/african-coffee-collective/.superpowers/brainstorm/2405-1775827272/content/08-design-architecture.html"}
{"type":"screen-added","file":"/Users/williamsung/Projects/african-coffee-collective/.superpowers/brainstorm/2405-1775827272/content/09-mockup-home.html"}
{"type":"screen-added","file":"/Users/williamsung/Projects/african-coffee-collective/.superpowers/brainstorm/2405-1775827272/content/10-mockup-catalog.html"}
{"type":"screen-added","file":"/Users/williamsung/Projects/african-coffee-collective/.superpowers/brainstorm/2405-1775827272/content/11-mockup-detail.html"}
{"type":"screen-added","file":"/Users/williamsung/Projects/african-coffee-collective/.superpowers/brainstorm/2405-1775827272/content/12-mockup-about.html"}
{"type":"screen-added","file":"/Users/williamsung/Projects/african-coffee-collective/.superpowers/brainstorm/2405-1775827272/content/12-mockup-about-v2.html"}
{"type":"screen-added","file":"/Users/williamsung/Projects/african-coffee-collective/.superpowers/brainstorm/2405-1775827272/content/12-mockup-about-v3.html"}
{"type":"screen-added","file":"/Users/williamsung/Projects/african-coffee-collective/.superpowers/brainstorm/2405-1775827272/content/13-mockup-contact.html"}
{"type":"screen-added","file":"/Users/williamsung/Projects/african-coffee-collective/.superpowers/brainstorm/2405-1775827272/content/12-mockup-about-v4.html"}
{"type":"screen-added","file":"/Users/williamsung/Projects/african-coffee-collective/.superpowers/brainstorm/2405-1775827272/content/waiting.html"}
{"type":"server-stopped","reason":"idle timeout"}
